[2022-09-21 00:32:53] [WARNING]: 群消息发送失败: 账号可能被风控. 
[2022-09-21 00:33:48] [WARNING]: 群消息发送失败: 账号可能被风控. 
[2022-09-21 00:34:07] [WARNING]: 群消息发送失败: 账号可能被风控. 
[2022-09-21 00:40:52] [WARNING]: 群消息发送失败: 账号可能被风控. 
[2022-09-21 00:41:31] [WARNING]: 群消息发送失败: 账号可能被风控. 
[2022-09-21 01:14:10] [WARNING]: 群消息发送失败: 账号可能被风控. 
[2022-09-21 01:14:31] [WARNING]: 语音文件 69548CAF-21C5-5EED-F524-20A2F22744FD.amr 下载失败: Get "http://grouptalk.c2c.qq.com": EOF 
[2022-09-21 01:14:47] [WARNING]: 群消息发送失败: 账号可能被风控. 
[2022-09-21 01:14:47] [WARNING]: 语音文件 A58A6BAB-1EB3-53C0-99F9-5A8953A9C5CE.amr 下载失败: Get "http://grouptalk.c2c.qq.com": EOF 
[2022-09-21 01:56:21] [WARNING]: 群消息发送失败: 账号可能被风控. 
[2022-09-21 02:03:01] [WARNING]: 群消息发送失败: 账号可能被风控. 
[2022-09-21 02:03:24] [WARNING]: 群消息发送失败: 账号可能被风控. 
[2022-09-21 02:03:37] [WARNING]: 群消息发送失败: 账号可能被风控. 
[2022-09-21 02:03:55] [WARNING]: 群消息发送失败: 账号可能被风控. 
[2022-09-21 02:04:07] [WARNING]: 群消息发送失败: 账号可能被风控. 
[2022-09-21 02:04:22] [WARNING]: 群消息发送失败: 账号可能被风控. 
[2022-09-21 02:09:41] [WARNING]: 群消息发送失败: 账号可能被风控. 
[2022-09-21 02:10:03] [WARNING]: 群消息发送失败: 账号可能被风控. 
[2022-09-21 02:10:18] [WARNING]: 群消息发送失败: 账号可能被风控. 
[2022-09-21 02:10:33] [WARNING]: 群消息发送失败: 账号可能被风控. 
[2022-09-21 02:10:47] [WARNING]: 群消息发送失败: 账号可能被风控. 
[2022-09-21 02:19:57] [WARNING]: 群消息发送失败: 账号可能被风控. 
[2022-09-21 02:20:10] [WARNING]: 群消息发送失败: 账号可能被风控. 
[2022-09-21 02:20:22] [WARNING]: 群消息发送失败: 账号可能被风控. 
[2022-09-21 02:20:34] [WARNING]: 群消息发送失败: 账号可能被风控. 
[2022-09-21 02:28:41] [WARNING]: 群消息发送失败: 账号可能被风控. 
[2022-09-21 02:29:07] [WARNING]: 群消息发送失败: 账号可能被风控. 
[2022-09-21 03:29:47] [WARNING]: Bot已离线: 服务端强制下线. 
[2022-09-21 03:29:50] [WARNING]: 将在 3 秒后尝试重连. 重连次数：2/0 
[2022-09-21 03:29:53] [WARNING]: 尝试重连... 
[2022-09-21 03:29:53] [WARNING]: 快速重连失败: exchange_emp failed: 16 
[2022-09-21 03:29:53] [FATAL]: 快速重连失败, 扫码登录无法恢复会话. 
